<?xml version="1.0" encoding="UTF-8"?>
<testng-results ignored="4" total="5" passed="1" failed="0" skipped="0">
  <reporter-output>
  </reporter-output>
  <suite started-at="2022-06-18T10:23:42 IST" name="Pm.Mkcl.Org" finished-at="2022-06-18T10:24:09 IST" duration-ms="27010">
    <groups>
      <group name="Smoke Testing">
        <method signature="pmTestCases.Click()[pri:0, instance:test.Classes.pmTestCases@56cdfb3b]" name="Click" class="test.Classes.pmTestCases"/>
      </group> <!-- Smoke Testing -->
    </groups>
    <test started-at="2022-06-18T10:23:42 IST" name="Test01" finished-at="2022-06-18T10:24:09 IST" duration-ms="27010">
      <class name="test.Classes.pmTestCases">
        <test-method signature="Click()[pri:0, instance:test.Classes.pmTestCases@56cdfb3b]" started-at="2022-06-18T10:23:43 IST" name="Click" finished-at="2022-06-18T10:24:09 IST" duration-ms="26746" status="PASS">
          <reporter-output>
          </reporter-output>
        </test-method> <!-- Click -->
      </class> <!-- test.Classes.pmTestCases -->
    </test> <!-- Test01 -->
  </suite> <!-- Pm.Mkcl.Org -->
</testng-results>
