<?xml version="1.0" encoding="UTF-8"?>
<!-- Generated by org.testng.reporters.JUnitXMLReporter -->
<testsuite ignored="4" hostname="prashantb" failures="0" tests="1" name="Test01" time="27.01" errors="0" timestamp="2022-06-18T10:24:09 IST">
  <testcase classname="test.Classes.pmTestCases" name="Click" time="26.746"/>
  <testcase classname="test.Classes.pmTestCases" name="CheckIssues" time="0.0">
    <ignored/>
  </testcase> <!-- CheckIssues -->
  <testcase classname="test.Classes.pmTestCases" name="EraProject" time="0.0">
    <ignored/>
  </testcase> <!-- EraProject -->
  <testcase classname="test.Classes.pmTestCases" name="loginTest" time="0.0">
    <ignored/>
  </testcase> <!-- loginTest -->
  <testcase classname="test.Classes.pmTestCases" name="PrashantB" time="0.0">
    <ignored/>
  </testcase> <!-- PrashantB -->
</testsuite> <!-- Test01 -->
